[ 2016-12-16T23:07:57+08:00 ] 127.0.0.1 /index.php/Admin/User/look?id=18
INFO: [ app_init ] --START--
INFO: Run Behavior\BuildLiteBehavior [ RunTime:0.000016s ]
INFO: [ app_init ] --END-- [ RunTime:0.000545s ]
INFO: [ app_begin ] --START--
INFO: Run Behavior\ReadHtmlCacheBehavior [ RunTime:0.000595s ]
INFO: [ app_begin ] --END-- [ RunTime:0.000651s ]
SQL: SHOW COLUMNS FROM `ht_user` [ RunTime:0.0094s ]
SQL: SELECT * FROM `ht_user` WHERE ( uid=18 )  [ RunTime:0.0005s ]
SQL: SELECT `id`,`name` FROM `ht_user`  [ RunTime:0.0005s ]
SQL: SELECT * FROM `ht_user` WHERE `id` = 18 LIMIT 1   [ RunTime:0.0005s ]
INFO: [ view_parse ] --START--
INFO: [ template_filter ] --START--
INFO: Run Behavior\ContentReplaceBehavior [ RunTime:0.000274s ]
INFO: [ template_filter ] --END-- [ RunTime:0.000336s ]
NOTIC: [8] Undefined offset: 2 E:\phpStudy\WWW\houtai\Application\Admin\Common\function.php 第 30 行.
NOTIC: [8] Undefined offset: 1 E:\phpStudy\WWW\houtai\Application\Admin\Common\function.php 第 30 行.
NOTIC: [8] Undefined variable: vo E:\phpStudy\WWW\houtai\Application\Runtime\Cache\Admin\e9023b0e20b32935186ab18a591be5d4.php 第 1023 行.
NOTIC: [8] Undefined index: login_time E:\phpStudy\WWW\houtai\Application\Runtime\Cache\Admin\e9023b0e20b32935186ab18a591be5d4.php 第 1026 行.
NOTIC: [8] Undefined index: login_ip E:\phpStudy\WWW\houtai\Application\Runtime\Cache\Admin\e9023b0e20b32935186ab18a591be5d4.php 第 1027 行.
NOTIC: [8] Undefined offset: 2 E:\phpStudy\WWW\houtai\Application\Admin\Common\function.php 第 30 行.
NOTIC: [8] Undefined offset: 1 E:\phpStudy\WWW\houtai\Application\Admin\Common\function.php 第 30 行.
NOTIC: [8] Undefined index: login_time E:\phpStudy\WWW\houtai\Application\Runtime\Cache\Admin\e9023b0e20b32935186ab18a591be5d4.php 第 1054 行.
NOTIC: [8] Undefined index: login_ip E:\phpStudy\WWW\houtai\Application\Runtime\Cache\Admin\e9023b0e20b32935186ab18a591be5d4.php 第 1055 行.
NOTIC: [8] Undefined offset: 2 E:\phpStudy\WWW\houtai\Application\Admin\Common\function.php 第 30 行.
NOTIC: [8] Undefined offset: 1 E:\phpStudy\WWW\houtai\Application\Admin\Common\function.php 第 30 行.
NOTIC: [8] Undefined index: login_time E:\phpStudy\WWW\houtai\Application\Runtime\Cache\Admin\e9023b0e20b32935186ab18a591be5d4.php 第 1054 行.
NOTIC: [8] Undefined index: login_ip E:\phpStudy\WWW\houtai\Application\Runtime\Cache\Admin\e9023b0e20b32935186ab18a591be5d4.php 第 1055 行.
NOTIC: [8] Undefined offset: 2 E:\phpStudy\WWW\houtai\Application\Admin\Common\function.php 第 30 行.
NOTIC: [8] Undefined offset: 1 E:\phpStudy\WWW\houtai\Application\Admin\Common\function.php 第 30 行.
NOTIC: [8] Undefined index: login_time E:\phpStudy\WWW\houtai\Application\Runtime\Cache\Admin\e9023b0e20b32935186ab18a591be5d4.php 第 1054 行.
NOTIC: [8] Undefined index: login_ip E:\phpStudy\WWW\houtai\Application\Runtime\Cache\Admin\e9023b0e20b32935186ab18a591be5d4.php 第 1055 行.
NOTIC: [8] Undefined offset: 2 E:\phpStudy\WWW\houtai\Application\Admin\Common\function.php 第 30 行.
NOTIC: [8] Undefined offset: 1 E:\phpStudy\WWW\houtai\Application\Admin\Common\function.php 第 30 行.
NOTIC: [8] Undefined index: login_time E:\phpStudy\WWW\houtai\Application\Runtime\Cache\Admin\e9023b0e20b32935186ab18a591be5d4.php 第 1054 行.
NOTIC: [8] Undefined index: login_ip E:\phpStudy\WWW\houtai\Application\Runtime\Cache\Admin\e9023b0e20b32935186ab18a591be5d4.php 第 1055 行.
NOTIC: [8] Undefined offset: 2 E:\phpStudy\WWW\houtai\Application\Admin\Common\function.php 第 30 行.
NOTIC: [8] Undefined offset: 1 E:\phpStudy\WWW\houtai\Application\Admin\Common\function.php 第 30 行.
NOTIC: [8] Undefined index: login_time E:\phpStudy\WWW\houtai\Application\Runtime\Cache\Admin\e9023b0e20b32935186ab18a591be5d4.php 第 1054 行.
NOTIC: [8] Undefined index: login_ip E:\phpStudy\WWW\houtai\Application\Runtime\Cache\Admin\e9023b0e20b32935186ab18a591be5d4.php 第 1055 行.
NOTIC: [8] Undefined offset: 2 E:\phpStudy\WWW\houtai\Application\Admin\Common\function.php 第 30 行.
NOTIC: [8] Undefined offset: 1 E:\phpStudy\WWW\houtai\Application\Admin\Common\function.php 第 30 行.
NOTIC: [8] Undefined index: login_time E:\phpStudy\WWW\houtai\Application\Runtime\Cache\Admin\e9023b0e20b32935186ab18a591be5d4.php 第 1054 行.
NOTIC: [8] Undefined index: login_ip E:\phpStudy\WWW\houtai\Application\Runtime\Cache\Admin\e9023b0e20b32935186ab18a591be5d4.php 第 1055 行.
NOTIC: [8] Undefined offset: 2 E:\phpStudy\WWW\houtai\Application\Admin\Common\function.php 第 30 行.
NOTIC: [8] Undefined offset: 1 E:\phpStudy\WWW\houtai\Application\Admin\Common\function.php 第 30 行.
NOTIC: [8] Undefined index: login_time E:\phpStudy\WWW\houtai\Application\Runtime\Cache\Admin\e9023b0e20b32935186ab18a591be5d4.php 第 1054 行.
NOTIC: [8] Undefined index: login_ip E:\phpStudy\WWW\houtai\Application\Runtime\Cache\Admin\e9023b0e20b32935186ab18a591be5d4.php 第 1055 行.
INFO: Run Behavior\ParseTemplateBehavior [ RunTime:0.026779s ]
INFO: [ view_parse ] --END-- [ RunTime:0.026823s ]
INFO: [ view_filter ] --START--
INFO: Run Behavior\WriteHtmlCacheBehavior [ RunTime:0.000579s ]
INFO: [ view_filter ] --END-- [ RunTime:0.000620s ]
INFO: [ app_end ] --START--
INFO: Run Behavior\ShowPageTraceBehavior [ RunTime:0.000996s ]
INFO: [ app_end ] --END-- [ RunTime:0.001086s ]

[ 2016-12-16T23:08:17+08:00 ] 127.0.0.1 /index.php/Admin/User/look?id=18
INFO: [ app_init ] --START--
INFO: Run Behavior\BuildLiteBehavior [ RunTime:0.000018s ]
INFO: [ app_init ] --END-- [ RunTime:0.000869s ]
INFO: [ app_begin ] --START--
INFO: Run Behavior\ReadHtmlCacheBehavior [ RunTime:0.001066s ]
INFO: [ app_begin ] --END-- [ RunTime:0.001155s ]
SQL: SHOW COLUMNS FROM `ht_user` [ RunTime:0.0094s ]
SQL: SELECT * FROM `ht_user` WHERE ( uid=18 )  [ RunTime:0.0006s ]
SQL: SELECT `id`,`name` FROM `ht_user`  [ RunTime:0.0004s ]
SQL: SELECT * FROM `ht_user` WHERE `id` = 18 LIMIT 1   [ RunTime:0.0004s ]
INFO: [ view_parse ] --START--
INFO: [ template_filter ] --START--
INFO: Run Behavior\ContentReplaceBehavior [ RunTime:0.000223s ]
INFO: [ template_filter ] --END-- [ RunTime:0.000269s ]
NOTIC: [8] Undefined offset: 2 E:\phpStudy\WWW\houtai\Application\Admin\Common\function.php 第 30 行.
NOTIC: [8] Undefined offset: 1 E:\phpStudy\WWW\houtai\Application\Admin\Common\function.php 第 30 行.
NOTIC: [8] Undefined variable: vo E:\phpStudy\WWW\houtai\Application\Runtime\Cache\Admin\e9023b0e20b32935186ab18a591be5d4.php 第 1023 行.
NOTIC: [8] Undefined index: login_time E:\phpStudy\WWW\houtai\Application\Runtime\Cache\Admin\e9023b0e20b32935186ab18a591be5d4.php 第 1026 行.
NOTIC: [8] Undefined index: login_ip E:\phpStudy\WWW\houtai\Application\Runtime\Cache\Admin\e9023b0e20b32935186ab18a591be5d4.php 第 1027 行.
NOTIC: [8] Undefined offset: 2 E:\phpStudy\WWW\houtai\Application\Admin\Common\function.php 第 30 行.
NOTIC: [8] Undefined offset: 1 E:\phpStudy\WWW\houtai\Application\Admin\Common\function.php 第 30 行.
NOTIC: [8] Undefined index: login_time E:\phpStudy\WWW\houtai\Application\Runtime\Cache\Admin\e9023b0e20b32935186ab18a591be5d4.php 第 1054 行.
NOTIC: [8] Undefined index: login_ip E:\phpStudy\WWW\houtai\Application\Runtime\Cache\Admin\e9023b0e20b32935186ab18a591be5d4.php 第 1055 行.
NOTIC: [8] Undefined offset: 2 E:\phpStudy\WWW\houtai\Application\Admin\Common\function.php 第 30 行.
NOTIC: [8] Undefined offset: 1 E:\phpStudy\WWW\houtai\Application\Admin\Common\function.php 第 30 行.
NOTIC: [8] Undefined index: login_time E:\phpStudy\WWW\houtai\Application\Runtime\Cache\Admin\e9023b0e20b32935186ab18a591be5d4.php 第 1054 行.
NOTIC: [8] Undefined index: login_ip E:\phpStudy\WWW\houtai\Application\Runtime\Cache\Admin\e9023b0e20b32935186ab18a591be5d4.php 第 1055 行.
NOTIC: [8] Undefined offset: 2 E:\phpStudy\WWW\houtai\Application\Admin\Common\function.php 第 30 行.
NOTIC: [8] Undefined offset: 1 E:\phpStudy\WWW\houtai\Application\Admin\Common\function.php 第 30 行.
NOTIC: [8] Undefined index: login_time E:\phpStudy\WWW\houtai\Application\Runtime\Cache\Admin\e9023b0e20b32935186ab18a591be5d4.php 第 1054 行.
NOTIC: [8] Undefined index: login_ip E:\phpStudy\WWW\houtai\Application\Runtime\Cache\Admin\e9023b0e20b32935186ab18a591be5d4.php 第 1055 行.
NOTIC: [8] Undefined offset: 2 E:\phpStudy\WWW\houtai\Application\Admin\Common\function.php 第 30 行.
NOTIC: [8] Undefined offset: 1 E:\phpStudy\WWW\houtai\Application\Admin\Common\function.php 第 30 行.
NOTIC: [8] Undefined index: login_time E:\phpStudy\WWW\houtai\Application\Runtime\Cache\Admin\e9023b0e20b32935186ab18a591be5d4.php 第 1054 行.
NOTIC: [8] Undefined index: login_ip E:\phpStudy\WWW\houtai\Application\Runtime\Cache\Admin\e9023b0e20b32935186ab18a591be5d4.php 第 1055 行.
NOTIC: [8] Undefined offset: 2 E:\phpStudy\WWW\houtai\Application\Admin\Common\function.php 第 30 行.
NOTIC: [8] Undefined offset: 1 E:\phpStudy\WWW\houtai\Application\Admin\Common\function.php 第 30 行.
NOTIC: [8] Undefined index: login_time E:\phpStudy\WWW\houtai\Application\Runtime\Cache\Admin\e9023b0e20b32935186ab18a591be5d4.php 第 1054 行.
NOTIC: [8] Undefined index: login_ip E:\phpStudy\WWW\houtai\Application\Runtime\Cache\Admin\e9023b0e20b32935186ab18a591be5d4.php 第 1055 行.
NOTIC: [8] Undefined offset: 2 E:\phpStudy\WWW\houtai\Application\Admin\Common\function.php 第 30 行.
NOTIC: [8] Undefined offset: 1 E:\phpStudy\WWW\houtai\Application\Admin\Common\function.php 第 30 行.
NOTIC: [8] Undefined index: login_time E:\phpStudy\WWW\houtai\Application\Runtime\Cache\Admin\e9023b0e20b32935186ab18a591be5d4.php 第 1054 行.
NOTIC: [8] Undefined index: login_ip E:\phpStudy\WWW\houtai\Application\Runtime\Cache\Admin\e9023b0e20b32935186ab18a591be5d4.php 第 1055 行.
NOTIC: [8] Undefined offset: 2 E:\phpStudy\WWW\houtai\Application\Admin\Common\function.php 第 30 行.
NOTIC: [8] Undefined offset: 1 E:\phpStudy\WWW\houtai\Application\Admin\Common\function.php 第 30 行.
NOTIC: [8] Undefined index: login_time E:\phpStudy\WWW\houtai\Application\Runtime\Cache\Admin\e9023b0e20b32935186ab18a591be5d4.php 第 1054 行.
NOTIC: [8] Undefined index: login_ip E:\phpStudy\WWW\houtai\Application\Runtime\Cache\Admin\e9023b0e20b32935186ab18a591be5d4.php 第 1055 行.
INFO: Run Behavior\ParseTemplateBehavior [ RunTime:0.026033s ]
INFO: [ view_parse ] --END-- [ RunTime:0.026095s ]
INFO: [ view_filter ] --START--
INFO: Run Behavior\WriteHtmlCacheBehavior [ RunTime:0.000792s ]
INFO: [ view_filter ] --END-- [ RunTime:0.000846s ]
INFO: [ app_end ] --START--
INFO: Run Behavior\ShowPageTraceBehavior [ RunTime:0.001006s ]
INFO: [ app_end ] --END-- [ RunTime:0.001074s ]

[ 2016-12-16T23:09:05+08:00 ] 127.0.0.1 /index.php/Admin/User/look?id=18
INFO: [ app_init ] --START--
INFO: Run Behavior\BuildLiteBehavior [ RunTime:0.000018s ]
INFO: [ app_init ] --END-- [ RunTime:0.001909s ]
INFO: [ app_begin ] --START--
INFO: Run Behavior\ReadHtmlCacheBehavior [ RunTime:0.000896s ]
INFO: [ app_begin ] --END-- [ RunTime:0.000966s ]
SQL: SHOW COLUMNS FROM `ht_user` [ RunTime:0.0083s ]
SQL: SELECT * FROM `ht_user` WHERE ( uid=18 )  [ RunTime:0.0005s ]
SQL: SELECT `id`,`name` FROM `ht_user`  [ RunTime:0.0004s ]
SQL: SELECT * FROM `ht_user` WHERE `id` = 18 LIMIT 1   [ RunTime:0.0004s ]
INFO: [ view_parse ] --START--
INFO: [ template_filter ] --START--
INFO: Run Behavior\ContentReplaceBehavior [ RunTime:0.000325s ]
INFO: [ template_filter ] --END-- [ RunTime:0.000387s ]
NOTIC: [8] Undefined offset: 2 E:\phpStudy\WWW\houtai\Application\Admin\Common\function.php 第 30 行.
NOTIC: [8] Undefined offset: 1 E:\phpStudy\WWW\houtai\Application\Admin\Common\function.php 第 30 行.
NOTIC: [8] Undefined variable: vo E:\phpStudy\WWW\houtai\Application\Runtime\Cache\Admin\e9023b0e20b32935186ab18a591be5d4.php 第 1023 行.
NOTIC: [8] Undefined index: login_time E:\phpStudy\WWW\houtai\Application\Runtime\Cache\Admin\e9023b0e20b32935186ab18a591be5d4.php 第 1026 行.
NOTIC: [8] Undefined index: login_ip E:\phpStudy\WWW\houtai\Application\Runtime\Cache\Admin\e9023b0e20b32935186ab18a591be5d4.php 第 1027 行.
NOTIC: [8] Undefined offset: 2 E:\phpStudy\WWW\houtai\Application\Admin\Common\function.php 第 30 行.
NOTIC: [8] Undefined offset: 1 E:\phpStudy\WWW\houtai\Application\Admin\Common\function.php 第 30 行.
NOTIC: [8] Undefined index: login_time E:\phpStudy\WWW\houtai\Application\Runtime\Cache\Admin\e9023b0e20b32935186ab18a591be5d4.php 第 1054 行.
NOTIC: [8] Undefined index: login_ip E:\phpStudy\WWW\houtai\Application\Runtime\Cache\Admin\e9023b0e20b32935186ab18a591be5d4.php 第 1055 行.
NOTIC: [8] Undefined offset: 2 E:\phpStudy\WWW\houtai\Application\Admin\Common\function.php 第 30 行.
NOTIC: [8] Undefined offset: 1 E:\phpStudy\WWW\houtai\Application\Admin\Common\function.php 第 30 行.
NOTIC: [8] Undefined index: login_time E:\phpStudy\WWW\houtai\Application\Runtime\Cache\Admin\e9023b0e20b32935186ab18a591be5d4.php 第 1054 行.
NOTIC: [8] Undefined index: login_ip E:\phpStudy\WWW\houtai\Application\Runtime\Cache\Admin\e9023b0e20b32935186ab18a591be5d4.php 第 1055 行.
NOTIC: [8] Undefined offset: 2 E:\phpStudy\WWW\houtai\Application\Admin\Common\function.php 第 30 行.
NOTIC: [8] Undefined offset: 1 E:\phpStudy\WWW\houtai\Application\Admin\Common\function.php 第 30 行.
NOTIC: [8] Undefined index: login_time E:\phpStudy\WWW\houtai\Application\Runtime\Cache\Admin\e9023b0e20b32935186ab18a591be5d4.php 第 1054 行.
NOTIC: [8] Undefined index: login_ip E:\phpStudy\WWW\houtai\Application\Runtime\Cache\Admin\e9023b0e20b32935186ab18a591be5d4.php 第 1055 行.
NOTIC: [8] Undefined offset: 2 E:\phpStudy\WWW\houtai\Application\Admin\Common\function.php 第 30 行.
NOTIC: [8] Undefined offset: 1 E:\phpStudy\WWW\houtai\Application\Admin\Common\function.php 第 30 行.
NOTIC: [8] Undefined index: login_time E:\phpStudy\WWW\houtai\Application\Runtime\Cache\Admin\e9023b0e20b32935186ab18a591be5d4.php 第 1054 行.
NOTIC: [8] Undefined index: login_ip E:\phpStudy\WWW\houtai\Application\Runtime\Cache\Admin\e9023b0e20b32935186ab18a591be5d4.php 第 1055 行.
NOTIC: [8] Undefined offset: 2 E:\phpStudy\WWW\houtai\Application\Admin\Common\function.php 第 30 行.
NOTIC: [8] Undefined offset: 1 E:\phpStudy\WWW\houtai\Application\Admin\Common\function.php 第 30 行.
NOTIC: [8] Undefined index: login_time E:\phpStudy\WWW\houtai\Application\Runtime\Cache\Admin\e9023b0e20b32935186ab18a591be5d4.php 第 1054 行.
NOTIC: [8] Undefined index: login_ip E:\phpStudy\WWW\houtai\Application\Runtime\Cache\Admin\e9023b0e20b32935186ab18a591be5d4.php 第 1055 行.
NOTIC: [8] Undefined offset: 2 E:\phpStudy\WWW\houtai\Application\Admin\Common\function.php 第 30 行.
NOTIC: [8] Undefined offset: 1 E:\phpStudy\WWW\houtai\Application\Admin\Common\function.php 第 30 行.
NOTIC: [8] Undefined index: login_time E:\phpStudy\WWW\houtai\Application\Runtime\Cache\Admin\e9023b0e20b32935186ab18a591be5d4.php 第 1054 行.
NOTIC: [8] Undefined index: login_ip E:\phpStudy\WWW\houtai\Application\Runtime\Cache\Admin\e9023b0e20b32935186ab18a591be5d4.php 第 1055 行.
NOTIC: [8] Undefined offset: 2 E:\phpStudy\WWW\houtai\Application\Admin\Common\function.php 第 30 行.
NOTIC: [8] Undefined offset: 1 E:\phpStudy\WWW\houtai\Application\Admin\Common\function.php 第 30 行.
NOTIC: [8] Undefined index: login_time E:\phpStudy\WWW\houtai\Application\Runtime\Cache\Admin\e9023b0e20b32935186ab18a591be5d4.php 第 1054 行.
NOTIC: [8] Undefined index: login_ip E:\phpStudy\WWW\houtai\Application\Runtime\Cache\Admin\e9023b0e20b32935186ab18a591be5d4.php 第 1055 行.
INFO: Run Behavior\ParseTemplateBehavior [ RunTime:0.024549s ]
INFO: [ view_parse ] --END-- [ RunTime:0.024602s ]
INFO: [ view_filter ] --START--
INFO: Run Behavior\WriteHtmlCacheBehavior [ RunTime:0.000465s ]
INFO: [ view_filter ] --END-- [ RunTime:0.000496s ]
INFO: [ app_end ] --START--
INFO: Run Behavior\ShowPageTraceBehavior [ RunTime:0.000838s ]
INFO: [ app_end ] --END-- [ RunTime:0.000904s ]

[ 2016-12-16T23:09:41+08:00 ] 127.0.0.1 /index.php/Admin/User/look?id=18
INFO: [ app_init ] --START--
INFO: Run Behavior\BuildLiteBehavior [ RunTime:0.000019s ]
INFO: [ app_init ] --END-- [ RunTime:0.000736s ]
INFO: [ app_begin ] --START--
INFO: Run Behavior\ReadHtmlCacheBehavior [ RunTime:0.000756s ]
INFO: [ app_begin ] --END-- [ RunTime:0.000828s ]
SQL: SHOW COLUMNS FROM `ht_user` [ RunTime:0.0089s ]
SQL: SELECT * FROM `ht_user` WHERE ( uid=18 )  [ RunTime:0.0006s ]
SQL: SELECT `id`,`name` FROM `ht_user`  [ RunTime:0.0005s ]
SQL: SELECT * FROM `ht_user` WHERE `id` = 18 LIMIT 1   [ RunTime:0.0006s ]
INFO: [ view_parse ] --START--
INFO: [ template_filter ] --START--
INFO: Run Behavior\ContentReplaceBehavior [ RunTime:0.000327s ]
INFO: [ template_filter ] --END-- [ RunTime:0.000402s ]
NOTIC: [8] Undefined offset: 2 E:\phpStudy\WWW\houtai\Application\Admin\Common\function.php 第 30 行.
NOTIC: [8] Undefined offset: 1 E:\phpStudy\WWW\houtai\Application\Admin\Common\function.php 第 30 行.
NOTIC: [8] Undefined variable: vo E:\phpStudy\WWW\houtai\Application\Runtime\Cache\Admin\e9023b0e20b32935186ab18a591be5d4.php 第 1023 行.
NOTIC: [8] Undefined index: login_time E:\phpStudy\WWW\houtai\Application\Runtime\Cache\Admin\e9023b0e20b32935186ab18a591be5d4.php 第 1026 行.
NOTIC: [8] Undefined index: login_ip E:\phpStudy\WWW\houtai\Application\Runtime\Cache\Admin\e9023b0e20b32935186ab18a591be5d4.php 第 1027 行.
NOTIC: [8] Undefined offset: 2 E:\phpStudy\WWW\houtai\Application\Admin\Common\function.php 第 30 行.
NOTIC: [8] Undefined offset: 1 E:\phpStudy\WWW\houtai\Application\Admin\Common\function.php 第 30 行.
NOTIC: [8] Undefined index: login_time E:\phpStudy\WWW\houtai\Application\Runtime\Cache\Admin\e9023b0e20b32935186ab18a591be5d4.php 第 1054 行.
NOTIC: [8] Undefined index: login_ip E:\phpStudy\WWW\houtai\Application\Runtime\Cache\Admin\e9023b0e20b32935186ab18a591be5d4.php 第 1055 行.
NOTIC: [8] Undefined offset: 2 E:\phpStudy\WWW\houtai\Application\Admin\Common\function.php 第 30 行.
NOTIC: [8] Undefined offset: 1 E:\phpStudy\WWW\houtai\Application\Admin\Common\function.php 第 30 行.
NOTIC: [8] Undefined index: login_time E:\phpStudy\WWW\houtai\Application\Runtime\Cache\Admin\e9023b0e20b32935186ab18a591be5d4.php 第 1054 行.
NOTIC: [8] Undefined index: login_ip E:\phpStudy\WWW\houtai\Application\Runtime\Cache\Admin\e9023b0e20b32935186ab18a591be5d4.php 第 1055 行.
NOTIC: [8] Undefined offset: 2 E:\phpStudy\WWW\houtai\Application\Admin\Common\function.php 第 30 行.
NOTIC: [8] Undefined offset: 1 E:\phpStudy\WWW\houtai\Application\Admin\Common\function.php 第 30 行.
NOTIC: [8] Undefined index: login_time E:\phpStudy\WWW\houtai\Application\Runtime\Cache\Admin\e9023b0e20b32935186ab18a591be5d4.php 第 1054 行.
NOTIC: [8] Undefined index: login_ip E:\phpStudy\WWW\houtai\Application\Runtime\Cache\Admin\e9023b0e20b32935186ab18a591be5d4.php 第 1055 行.
NOTIC: [8] Undefined offset: 2 E:\phpStudy\WWW\houtai\Application\Admin\Common\function.php 第 30 行.
NOTIC: [8] Undefined offset: 1 E:\phpStudy\WWW\houtai\Application\Admin\Common\function.php 第 30 行.
NOTIC: [8] Undefined index: login_time E:\phpStudy\WWW\houtai\Application\Runtime\Cache\Admin\e9023b0e20b32935186ab18a591be5d4.php 第 1054 行.
NOTIC: [8] Undefined index: login_ip E:\phpStudy\WWW\houtai\Application\Runtime\Cache\Admin\e9023b0e20b32935186ab18a591be5d4.php 第 1055 行.
NOTIC: [8] Undefined offset: 2 E:\phpStudy\WWW\houtai\Application\Admin\Common\function.php 第 30 行.
NOTIC: [8] Undefined offset: 1 E:\phpStudy\WWW\houtai\Application\Admin\Common\function.php 第 30 行.
NOTIC: [8] Undefined index: login_time E:\phpStudy\WWW\houtai\Application\Runtime\Cache\Admin\e9023b0e20b32935186ab18a591be5d4.php 第 1054 行.
NOTIC: [8] Undefined index: login_ip E:\phpStudy\WWW\houtai\Application\Runtime\Cache\Admin\e9023b0e20b32935186ab18a591be5d4.php 第 1055 行.
NOTIC: [8] Undefined offset: 2 E:\phpStudy\WWW\houtai\Application\Admin\Common\function.php 第 30 行.
NOTIC: [8] Undefined offset: 1 E:\phpStudy\WWW\houtai\Application\Admin\Common\function.php 第 30 行.
NOTIC: [8] Undefined index: login_time E:\phpStudy\WWW\houtai\Application\Runtime\Cache\Admin\e9023b0e20b32935186ab18a591be5d4.php 第 1054 行.
NOTIC: [8] Undefined index: login_ip E:\phpStudy\WWW\houtai\Application\Runtime\Cache\Admin\e9023b0e20b32935186ab18a591be5d4.php 第 1055 行.
NOTIC: [8] Undefined offset: 2 E:\phpStudy\WWW\houtai\Application\Admin\Common\function.php 第 30 行.
NOTIC: [8] Undefined offset: 1 E:\phpStudy\WWW\houtai\Application\Admin\Common\function.php 第 30 行.
NOTIC: [8] Undefined index: login_time E:\phpStudy\WWW\houtai\Application\Runtime\Cache\Admin\e9023b0e20b32935186ab18a591be5d4.php 第 1054 行.
NOTIC: [8] Undefined index: login_ip E:\phpStudy\WWW\houtai\Application\Runtime\Cache\Admin\e9023b0e20b32935186ab18a591be5d4.php 第 1055 行.
INFO: Run Behavior\ParseTemplateBehavior [ RunTime:0.024425s ]
INFO: [ view_parse ] --END-- [ RunTime:0.024477s ]
INFO: [ view_filter ] --START--
INFO: Run Behavior\WriteHtmlCacheBehavior [ RunTime:0.000533s ]
INFO: [ view_filter ] --END-- [ RunTime:0.000568s ]
INFO: [ app_end ] --START--
INFO: Run Behavior\ShowPageTraceBehavior [ RunTime:0.000812s ]
INFO: [ app_end ] --END-- [ RunTime:0.000867s ]

[ 2016-12-16T23:11:24+08:00 ] 127.0.0.1 /index.php/Admin/User/look?id=18
INFO: [ app_init ] --START--
INFO: Run Behavior\BuildLiteBehavior [ RunTime:0.000013s ]
INFO: [ app_init ] --END-- [ RunTime:0.000514s ]
INFO: [ app_begin ] --START--
INFO: Run Behavior\ReadHtmlCacheBehavior [ RunTime:0.000594s ]
INFO: [ app_begin ] --END-- [ RunTime:0.000647s ]
SQL: SHOW COLUMNS FROM `ht_user` [ RunTime:0.0193s ]
SQL: SELECT * FROM `ht_user` WHERE ( uid=18 )  [ RunTime:0.0011s ]
SQL: SELECT `id`,`name` FROM `ht_user`  [ RunTime:0.0009s ]
SQL: SELECT * FROM `ht_user` WHERE `id` = 18 LIMIT 1   [ RunTime:0.0007s ]
INFO: [ view_parse ] --START--
INFO: [ template_filter ] --START--
INFO: Run Behavior\ContentReplaceBehavior [ RunTime:0.000226s ]
INFO: [ template_filter ] --END-- [ RunTime:0.000275s ]
NOTIC: [8] Undefined variable: vo E:\phpStudy\WWW\houtai\Application\Runtime\Cache\Admin\e9023b0e20b32935186ab18a591be5d4.php 第 1023 行.
NOTIC: [8] Undefined index: login_time E:\phpStudy\WWW\houtai\Application\Runtime\Cache\Admin\e9023b0e20b32935186ab18a591be5d4.php 第 1026 行.
NOTIC: [8] Undefined index: login_ip E:\phpStudy\WWW\houtai\Application\Runtime\Cache\Admin\e9023b0e20b32935186ab18a591be5d4.php 第 1027 行.
NOTIC: [8] Undefined index: login_time E:\phpStudy\WWW\houtai\Application\Runtime\Cache\Admin\e9023b0e20b32935186ab18a591be5d4.php 第 1054 行.
NOTIC: [8] Undefined index: login_ip E:\phpStudy\WWW\houtai\Application\Runtime\Cache\Admin\e9023b0e20b32935186ab18a591be5d4.php 第 1055 行.
NOTIC: [8] Undefined index: login_time E:\phpStudy\WWW\houtai\Application\Runtime\Cache\Admin\e9023b0e20b32935186ab18a591be5d4.php 第 1054 行.
NOTIC: [8] Undefined index: login_ip E:\phpStudy\WWW\houtai\Application\Runtime\Cache\Admin\e9023b0e20b32935186ab18a591be5d4.php 第 1055 行.
NOTIC: [8] Undefined index: login_time E:\phpStudy\WWW\houtai\Application\Runtime\Cache\Admin\e9023b0e20b32935186ab18a591be5d4.php 第 1054 行.
NOTIC: [8] Undefined index: login_ip E:\phpStudy\WWW\houtai\Application\Runtime\Cache\Admin\e9023b0e20b32935186ab18a591be5d4.php 第 1055 行.
NOTIC: [8] Undefined index: login_time E:\phpStudy\WWW\houtai\Application\Runtime\Cache\Admin\e9023b0e20b32935186ab18a591be5d4.php 第 1054 行.
NOTIC: [8] Undefined index: login_ip E:\phpStudy\WWW\houtai\Application\Runtime\Cache\Admin\e9023b0e20b32935186ab18a591be5d4.php 第 1055 行.
NOTIC: [8] Undefined index: login_time E:\phpStudy\WWW\houtai\Application\Runtime\Cache\Admin\e9023b0e20b32935186ab18a591be5d4.php 第 1054 行.
NOTIC: [8] Undefined index: login_ip E:\phpStudy\WWW\houtai\Application\Runtime\Cache\Admin\e9023b0e20b32935186ab18a591be5d4.php 第 1055 行.
NOTIC: [8] Undefined index: login_time E:\phpStudy\WWW\houtai\Application\Runtime\Cache\Admin\e9023b0e20b32935186ab18a591be5d4.php 第 1054 行.
NOTIC: [8] Undefined index: login_ip E:\phpStudy\WWW\houtai\Application\Runtime\Cache\Admin\e9023b0e20b32935186ab18a591be5d4.php 第 1055 行.
NOTIC: [8] Undefined index: login_time E:\phpStudy\WWW\houtai\Application\Runtime\Cache\Admin\e9023b0e20b32935186ab18a591be5d4.php 第 1054 行.
NOTIC: [8] Undefined index: login_ip E:\phpStudy\WWW\houtai\Application\Runtime\Cache\Admin\e9023b0e20b32935186ab18a591be5d4.php 第 1055 行.
INFO: Run Behavior\ParseTemplateBehavior [ RunTime:0.052173s ]
INFO: [ view_parse ] --END-- [ RunTime:0.052234s ]
INFO: [ view_filter ] --START--
INFO: Run Behavior\WriteHtmlCacheBehavior [ RunTime:0.000537s ]
INFO: [ view_filter ] --END-- [ RunTime:0.000570s ]
INFO: [ app_end ] --START--
INFO: Run Behavior\ShowPageTraceBehavior [ RunTime:0.000836s ]
INFO: [ app_end ] --END-- [ RunTime:0.000902s ]

[ 2016-12-16T23:14:56+08:00 ] 127.0.0.1 /index.php/Admin/User/look?id=18
INFO: [ app_init ] --START--
INFO: Run Behavior\BuildLiteBehavior [ RunTime:0.000019s ]
INFO: [ app_init ] --END-- [ RunTime:0.000757s ]
INFO: [ app_begin ] --START--
INFO: Run Behavior\ReadHtmlCacheBehavior [ RunTime:0.000617s ]
INFO: [ app_begin ] --END-- [ RunTime:0.000667s ]
SQL: SHOW COLUMNS FROM `ht_user` [ RunTime:0.0174s ]
SQL: SELECT * FROM `ht_user` WHERE ( uid=18 )  [ RunTime:0.0007s ]
SQL: SELECT `id`,`name` FROM `ht_user`  [ RunTime:0.0007s ]
SQL: SELECT * FROM `ht_user` WHERE `id` = 18 LIMIT 1   [ RunTime:0.0005s ]
INFO: [ view_parse ] --START--
INFO: [ template_filter ] --START--
INFO: Run Behavior\ContentReplaceBehavior [ RunTime:0.000217s ]
INFO: [ template_filter ] --END-- [ RunTime:0.000265s ]

[ 2016-12-16T23:15:13+08:00 ] 127.0.0.1 /index.php/Admin/User/look?id=18
INFO: [ app_init ] --START--
INFO: Run Behavior\BuildLiteBehavior [ RunTime:0.000012s ]
INFO: [ app_init ] --END-- [ RunTime:0.000533s ]
INFO: [ app_begin ] --START--
INFO: Run Behavior\ReadHtmlCacheBehavior [ RunTime:0.000685s ]
INFO: [ app_begin ] --END-- [ RunTime:0.000738s ]
SQL: SHOW COLUMNS FROM `ht_user` [ RunTime:0.0223s ]
SQL: SELECT * FROM `ht_user` WHERE ( uid=18 )  [ RunTime:0.0014s ]
SQL: SELECT `id`,`name` FROM `ht_user`  [ RunTime:0.0009s ]
SQL: SELECT * FROM `ht_user` WHERE `id` = 18 LIMIT 1   [ RunTime:0.0010s ]
INFO: [ view_parse ] --START--
INFO: [ template_filter ] --START--
INFO: Run Behavior\ContentReplaceBehavior [ RunTime:0.000289s ]
INFO: [ template_filter ] --END-- [ RunTime:0.000346s ]
NOTIC: [8] Undefined variable: vo E:\phpStudy\WWW\houtai\Application\Runtime\Cache\Admin\e9023b0e20b32935186ab18a591be5d4.php 第 1018 行.
INFO: Run Behavior\ParseTemplateBehavior [ RunTime:0.044191s ]
INFO: [ view_parse ] --END-- [ RunTime:0.044265s ]
INFO: [ view_filter ] --START--
INFO: Run Behavior\WriteHtmlCacheBehavior [ RunTime:0.000697s ]
INFO: [ view_filter ] --END-- [ RunTime:0.000744s ]
INFO: [ app_end ] --START--
INFO: Run Behavior\ShowPageTraceBehavior [ RunTime:0.001205s ]
INFO: [ app_end ] --END-- [ RunTime:0.001300s ]

[ 2016-12-16T23:15:48+08:00 ] 127.0.0.1 /index.php/Admin/User/look?id=18
INFO: [ app_init ] --START--
INFO: Run Behavior\BuildLiteBehavior [ RunTime:0.000014s ]
INFO: [ app_init ] --END-- [ RunTime:0.000562s ]
INFO: [ app_begin ] --START--
INFO: Run Behavior\ReadHtmlCacheBehavior [ RunTime:0.000652s ]
INFO: [ app_begin ] --END-- [ RunTime:0.000705s ]
SQL: SHOW COLUMNS FROM `ht_user` [ RunTime:0.0199s ]
SQL: SELECT * FROM `ht_user` WHERE ( uid=18 )  [ RunTime:0.0011s ]
SQL: SELECT `id`,`name` FROM `ht_user`  [ RunTime:0.0008s ]
SQL: SELECT * FROM `ht_user` WHERE `id` = 18 LIMIT 1   [ RunTime:0.0010s ]
INFO: [ view_parse ] --START--
INFO: [ template_filter ] --START--
INFO: Run Behavior\ContentReplaceBehavior [ RunTime:0.000323s ]
INFO: [ template_filter ] --END-- [ RunTime:0.000382s ]
NOTIC: [8] Undefined variable: vo E:\phpStudy\WWW\houtai\Application\Runtime\Cache\Admin\e9023b0e20b32935186ab18a591be5d4.php 第 1018 行.
INFO: Run Behavior\ParseTemplateBehavior [ RunTime:0.034246s ]
INFO: [ view_parse ] --END-- [ RunTime:0.034348s ]
INFO: [ view_filter ] --START--
INFO: Run Behavior\WriteHtmlCacheBehavior [ RunTime:0.000690s ]
INFO: [ view_filter ] --END-- [ RunTime:0.000737s ]
INFO: [ app_end ] --START--
INFO: Run Behavior\ShowPageTraceBehavior [ RunTime:0.001042s ]
INFO: [ app_end ] --END-- [ RunTime:0.001119s ]

[ 2016-12-16T23:16:09+08:00 ] 127.0.0.1 /index.php/Admin/User/look?id=18
INFO: [ app_init ] --START--
INFO: Run Behavior\BuildLiteBehavior [ RunTime:0.000011s ]
INFO: [ app_init ] --END-- [ RunTime:0.000481s ]
INFO: [ app_begin ] --START--
INFO: Run Behavior\ReadHtmlCacheBehavior [ RunTime:0.000732s ]
INFO: [ app_begin ] --END-- [ RunTime:0.000792s ]
SQL: SHOW COLUMNS FROM `ht_user` [ RunTime:0.0189s ]
SQL: SELECT * FROM `ht_user` WHERE ( uid=18 )  [ RunTime:0.0006s ]
SQL: SELECT `id`,`name` FROM `ht_user`  [ RunTime:0.0004s ]
SQL: SELECT * FROM `ht_user` WHERE `id` = 18 LIMIT 1   [ RunTime:0.0005s ]
INFO: [ view_parse ] --START--
INFO: [ template_filter ] --START--
INFO: Run Behavior\ContentReplaceBehavior [ RunTime:0.000268s ]
INFO: [ template_filter ] --END-- [ RunTime:0.000330s ]
NOTIC: [8] Undefined variable: vo E:\phpStudy\WWW\houtai\Application\Runtime\Cache\Admin\e9023b0e20b32935186ab18a591be5d4.php 第 1018 行.
INFO: Run Behavior\ParseTemplateBehavior [ RunTime:0.025097s ]
INFO: [ view_parse ] --END-- [ RunTime:0.025151s ]
INFO: [ view_filter ] --START--
INFO: Run Behavior\WriteHtmlCacheBehavior [ RunTime:0.000480s ]
INFO: [ view_filter ] --END-- [ RunTime:0.000515s ]
INFO: [ app_end ] --START--
INFO: Run Behavior\ShowPageTraceBehavior [ RunTime:0.000850s ]
INFO: [ app_end ] --END-- [ RunTime:0.000926s ]

[ 2016-12-16T23:16:35+08:00 ] 127.0.0.1 /index.php/Admin/admin/index
INFO: [ app_init ] --START--
INFO: Run Behavior\BuildLiteBehavior [ RunTime:0.000011s ]
INFO: [ app_init ] --END-- [ RunTime:0.000456s ]
INFO: [ app_begin ] --START--
INFO: Run Behavior\ReadHtmlCacheBehavior [ RunTime:0.000532s ]
INFO: [ app_begin ] --END-- [ RunTime:0.000580s ]
SQL: SHOW COLUMNS FROM `ht_admin` [ RunTime:0.0221s ]
SQL: SHOW COLUMNS FROM `ht_admin_role` [ RunTime:0.0171s ]
SQL: SELECT `role_id`,`role_name` FROM `ht_admin_role`  [ RunTime:0.0005s ]
SQL: SELECT * FROM `ht_admin` ORDER BY status desc  [ RunTime:0.0005s ]
INFO: [ view_parse ] --START--
INFO: [ template_filter ] --START--
INFO: Run Behavior\ContentReplaceBehavior [ RunTime:0.000293s ]
INFO: [ template_filter ] --END-- [ RunTime:0.000353s ]
NOTIC: [8] Use of undefined constant id - assumed 'id' E:\phpStudy\WWW\houtai\Application\Runtime\Cache\Admin\b682812e058c4f7cab74d08ab9eabe11.php 第 1012 行.
INFO: Run Behavior\ParseTemplateBehavior [ RunTime:0.028152s ]
INFO: [ view_parse ] --END-- [ RunTime:0.028211s ]
INFO: [ view_filter ] --START--
INFO: Run Behavior\WriteHtmlCacheBehavior [ RunTime:0.000501s ]
INFO: [ view_filter ] --END-- [ RunTime:0.000541s ]
INFO: [ app_end ] --START--
INFO: Run Behavior\ShowPageTraceBehavior [ RunTime:0.000966s ]
INFO: [ app_end ] --END-- [ RunTime:0.001053s ]

[ 2016-12-16T23:16:41+08:00 ] 127.0.0.1 /index.php/Admin/Admin/lock
INFO: [ app_init ] --START--
INFO: Run Behavior\BuildLiteBehavior [ RunTime:0.000017s ]
INFO: [ app_init ] --END-- [ RunTime:0.000526s ]
INFO: [ app_begin ] --START--
INFO: Run Behavior\ReadHtmlCacheBehavior [ RunTime:0.000594s ]
INFO: [ app_begin ] --END-- [ RunTime:0.000645s ]
INFO: [ view_parse ] --START--
INFO: Run Behavior\ParseTemplateBehavior [ RunTime:0.001256s ]
INFO: [ view_parse ] --END-- [ RunTime:0.001306s ]
INFO: [ view_filter ] --START--
INFO: Run Behavior\WriteHtmlCacheBehavior [ RunTime:0.000478s ]
INFO: [ view_filter ] --END-- [ RunTime:0.000509s ]
INFO: [ app_end ] --START--
INFO: Run Behavior\ShowPageTraceBehavior [ RunTime:0.000630s ]
INFO: [ app_end ] --END-- [ RunTime:0.000663s ]

[ 2016-12-16T23:17:10+08:00 ] 127.0.0.1 /index.php/Admin/admin/add
INFO: [ app_init ] --START--
INFO: Run Behavior\BuildLiteBehavior [ RunTime:0.000014s ]
INFO: [ app_init ] --END-- [ RunTime:0.000562s ]
INFO: [ app_begin ] --START--
INFO: Run Behavior\ReadHtmlCacheBehavior [ RunTime:0.000648s ]
INFO: [ app_begin ] --END-- [ RunTime:0.000708s ]
ERR: 非法操作:add

