[ 2016-12-16T10:13:38+08:00 ] 127.0.0.1 /
INFO: [ app_init ] --START--
INFO: Run Behavior\BuildLiteBehavior [ RunTime:0.000232s ]
INFO: [ app_init ] --END-- [ RunTime:0.004447s ]
INFO: [ app_begin ] --START--
INFO: Run Behavior\ReadHtmlCacheBehavior [ RunTime:0.003550s ]
INFO: [ app_begin ] --END-- [ RunTime:0.004982s ]
INFO: [ view_parse ] --START--
INFO: Run Behavior\ParseTemplateBehavior [ RunTime:0.004358s ]
INFO: [ view_parse ] --END-- [ RunTime:0.005672s ]
INFO: [ view_filter ] --START--
INFO: Run Behavior\WriteHtmlCacheBehavior [ RunTime:0.003263s ]
INFO: [ view_filter ] --END-- [ RunTime:0.004372s ]
INFO: [ app_end ] --START--
INFO: Run Behavior\ShowPageTraceBehavior [ RunTime:0.003778s ]
INFO: [ app_end ] --END-- [ RunTime:0.004890s ]

[ 2016-12-16T18:24:28+08:00 ] ::1 /houtai/
INFO: [ app_init ] --START--
INFO: Run Behavior\BuildLiteBehavior [ RunTime:0.000020s ]
INFO: [ app_init ] --END-- [ RunTime:0.003278s ]
INFO: [ app_begin ] --START--
INFO: Run Behavior\ReadHtmlCacheBehavior [ RunTime:0.002056s ]
INFO: [ app_begin ] --END-- [ RunTime:0.002128s ]
INFO: [ view_parse ] --START--
INFO: Run Behavior\ParseTemplateBehavior [ RunTime:0.001801s ]
INFO: [ view_parse ] --END-- [ RunTime:0.001872s ]
INFO: [ view_filter ] --START--
INFO: Run Behavior\WriteHtmlCacheBehavior [ RunTime:0.001667s ]
INFO: [ view_filter ] --END-- [ RunTime:0.001722s ]
INFO: [ app_end ] --START--
INFO: Run Behavior\ShowPageTraceBehavior [ RunTime:0.002011s ]
INFO: [ app_end ] --END-- [ RunTime:0.002075s ]

[ 2016-12-16T22:00:08+08:00 ] 127.0.0.1 /
INFO: [ app_init ] --START--
INFO: Run Behavior\BuildLiteBehavior [ RunTime:0.000015s ]
INFO: [ app_init ] --END-- [ RunTime:0.002911s ]
INFO: [ app_begin ] --START--
INFO: Run Behavior\ReadHtmlCacheBehavior [ RunTime:0.002049s ]
INFO: [ app_begin ] --END-- [ RunTime:0.002105s ]
INFO: [ view_parse ] --START--
INFO: Run Behavior\ParseTemplateBehavior [ RunTime:0.001977s ]
INFO: [ view_parse ] --END-- [ RunTime:0.002039s ]
INFO: [ view_filter ] --START--
INFO: Run Behavior\WriteHtmlCacheBehavior [ RunTime:0.001645s ]
INFO: [ view_filter ] --END-- [ RunTime:0.001690s ]
INFO: [ app_end ] --START--
INFO: Run Behavior\ShowPageTraceBehavior [ RunTime:0.002121s ]
INFO: [ app_end ] --END-- [ RunTime:0.002177s ]

