[ 2016-12-09T13:44:21+08:00 ] 127.0.0.1 /
INFO: [ app_init ] --START--
INFO: Run Behavior\BuildLiteBehavior [ RunTime:0.000250s ]
INFO: [ app_init ] --END-- [ RunTime:0.002896s ]
INFO: [ app_begin ] --START--
INFO: Run Behavior\ReadHtmlCacheBehavior [ RunTime:0.001814s ]
INFO: [ app_begin ] --END-- [ RunTime:0.003441s ]
INFO: [ view_parse ] --START--
INFO: Run Behavior\ParseTemplateBehavior [ RunTime:0.006251s ]
INFO: [ view_parse ] --END-- [ RunTime:0.007522s ]
INFO: [ view_filter ] --START--
INFO: Run Behavior\WriteHtmlCacheBehavior [ RunTime:0.004043s ]
INFO: [ view_filter ] --END-- [ RunTime:0.005472s ]
INFO: [ app_end ] --START--
INFO: Run Behavior\ShowPageTraceBehavior [ RunTime:0.004042s ]
INFO: [ app_end ] --END-- [ RunTime:0.006099s ]

[ 2016-12-09T13:44:29+08:00 ] 127.0.0.1 /index.php/
INFO: [ app_init ] --START--
INFO: Run Behavior\BuildLiteBehavior [ RunTime:0.000253s ]
INFO: [ app_init ] --END-- [ RunTime:0.002425s ]
INFO: [ app_begin ] --START--
INFO: Run Behavior\ReadHtmlCacheBehavior [ RunTime:0.004783s ]
INFO: [ app_begin ] --END-- [ RunTime:0.006076s ]
INFO: [ view_parse ] --START--
INFO: Run Behavior\ParseTemplateBehavior [ RunTime:0.002900s ]
INFO: [ view_parse ] --END-- [ RunTime:0.004198s ]
INFO: [ view_filter ] --START--
INFO: Run Behavior\WriteHtmlCacheBehavior [ RunTime:0.004077s ]
INFO: [ view_filter ] --END-- [ RunTime:0.005378s ]
INFO: [ app_end ] --START--
INFO: Run Behavior\ShowPageTraceBehavior [ RunTime:0.002370s ]
INFO: [ app_end ] --END-- [ RunTime:0.003784s ]

