[ 2016-12-13T10:50:34+08:00 ] 127.0.0.1 /index.php/index
INFO: [ app_init ] --START--
INFO: Run Behavior\BuildLiteBehavior [ RunTime:0.000218s ]
INFO: [ app_init ] --END-- [ RunTime:0.001950s ]
ERR: 无法加载模块:Index

[ 2016-12-13T13:08:54+08:00 ] 127.0.0.1 /index.php/Index/photo
INFO: [ app_init ] --START--
INFO: Run Behavior\BuildLiteBehavior [ RunTime:0.000206s ]
INFO: [ app_init ] --END-- [ RunTime:0.001856s ]
ERR: 无法加载模块:Index

[ 2016-12-13T14:49:55+08:00 ] 127.0.0.1 /index.php/Public/logout
INFO: [ app_init ] --START--
INFO: Run Behavior\BuildLiteBehavior [ RunTime:0.000203s ]
INFO: [ app_init ] --END-- [ RunTime:0.001810s ]
ERR: 无法加载模块:Public

[ 2016-12-13T15:28:35+08:00 ] 127.0.0.1 /index.php/user/add
INFO: [ app_init ] --START--
INFO: Run Behavior\BuildLiteBehavior [ RunTime:0.000258s ]
INFO: [ app_init ] --END-- [ RunTime:0.002634s ]
ERR: 无法加载模块:User

